# JRE version: OpenJDK Runtime Environment (8.0_332-b08) (build 1.8.0_332-b08)
# Java VM: OpenJDK 64-Bit Server VM (25.332-b08 mixed mode linux-amd64 compressed oops)
Heap:
 PSYoungGen      total 424448K, used 64878K [0x000000076cf80000, 0x000000078c900000, 0x00000007c0000000)
  eden space 370176K, 6% used [0x000000076cf80000,0x000000076e767ad8,0x0000000783900000)
  from space 54272K, 74% used [0x0000000783900000,0x0000000786074048,0x0000000786e00000)
  to   space 56832K, 0% used [0x0000000789180000,0x0000000789180000,0x000000078c900000)
 ParOldGen       total 297472K, used 83497K [0x00000006c6e00000, 0x00000006d9080000, 0x000000076cf80000)
  object space 297472K, 28% used [0x00000006c6e00000,0x00000006cbf8a5a0,0x00000006d9080000)
 Metaspace       used 49167K, capacity 51045K, committed 51240K, reserved 1093632K
  class space    used 6423K, capacity 6895K, committed 6960K, reserved 1048576K
GC Heap History (10 events):
Event: 2.631 GC heap before
{Heap before GC invocations=7 (full 2):
 PSYoungGen      total 268288K, used 10219K [0x000000076cf80000, 0x0000000788100000, 0x00000007c0000000)
  eden space 258048K, 0% used [0x000000076cf80000,0x000000076cf80000,0x000000077cb80000)
  from space 10240K, 99% used [0x000000077cb80000,0x000000077d57ae60,0x000000077d580000)
  to   space 45568K, 0% used [0x0000000785480000,0x0000000785480000,0x0000000788100000)
 ParOldGen       total 159744K, used 74281K [0x00000006c6e00000, 0x00000006d0a00000, 0x000000076cf80000)
  object space 159744K, 46% used [0x00000006c6e00000,0x00000006cb68a520,0x00000006d0a00000)
 Metaspace       used 34529K, capacity 35422K, committed 35496K, reserved 1079296K
  class space    used 4515K, capacity 4744K, committed 4784K, reserved 1048576K
Event: 2.849 GC heap after
Heap after GC invocations=7 (full 2):
 PSYoungGen      total 268288K, used 0K [0x000000076cf80000, 0x0000000788100000, 0x00000007c0000000)
  eden space 258048K, 0% used [0x000000076cf80000,0x000000076cf80000,0x000000077cb80000)
  from space 10240K, 0% used [0x000000077cb80000,0x000000077cb80000,0x000000077d580000)
  to   space 45568K, 0% used [0x0000000785480000,0x0000000785480000,0x0000000788100000)
 ParOldGen       total 297472K, used 83465K [0x00000006c6e00000, 0x00000006d9080000, 0x000000076cf80000)
  object space 297472K, 28% used [0x00000006c6e00000,0x00000006cbf825a0,0x00000006d9080000)
 Metaspace       used 34529K, capacity 35422K, committed 35496K, reserved 1079296K
  class space    used 4515K, capacity 4744K, committed 4784K, reserved 1048576K
}
Event: 4.981 GC heap before
{Heap before GC invocations=8 (full 2):
 PSYoungGen      total 268288K, used 258048K [0x000000076cf80000, 0x0000000788100000, 0x00000007c0000000)
  eden space 258048K, 100% used [0x000000076cf80000,0x000000077cb80000,0x000000077cb80000)
  from space 10240K, 0% used [0x000000077cb80000,0x000000077cb80000,0x000000077d580000)
  to   space 45568K, 0% used [0x0000000785480000,0x0000000785480000,0x0000000788100000)
 ParOldGen       total 297472K, used 83465K [0x00000006c6e00000, 0x00000006d9080000, 0x000000076cf80000)
  object space 297472K, 28% used [0x00000006c6e00000,0x00000006cbf825a0,0x00000006d9080000)
 Metaspace       used 43582K, capacity 45511K, committed 45736K, reserved 1089536K
  class space    used 5817K, capacity 6314K, committed 6320K, reserved 1048576K
Event: 4.999 GC heap after
Heap after GC invocations=8 (full 2):
 PSYoungGen      total 345088K, used 30320K [0x000000076cf80000, 0x0000000787280000, 0x00000007c0000000)
  eden space 314368K, 0% used [0x000000076cf80000,0x000000076cf80000,0x0000000780280000)
  from space 30720K, 98% used [0x0000000785480000,0x000000078721c3e8,0x0000000787280000)
  to   space 47104K, 0% used [0x0000000781680000,0x0000000781680000,0x0000000784480000)
 ParOldGen       total 297472K, used 83473K [0x00000006c6e00000, 0x00000006d9080000, 0x000000076cf80000)
  object space 297472K, 28% used [0x00000006c6e00000,0x00000006cbf845a0,0x00000006d9080000)
 Metaspace       used 43582K, capacity 45511K, committed 45736K, reserved 1089536K
  class space    used 5817K, capacity 6314K, committed 6320K, reserved 1048576K
}
Event: 6.616 GC heap before
{Heap before GC invocations=9 (full 2):
 PSYoungGen      total 345088K, used 344688K [0x000000076cf80000, 0x0000000787280000, 0x00000007c0000000)
  eden space 314368K, 100% used [0x000000076cf80000,0x0000000780280000,0x0000000780280000)
  from space 30720K, 98% used [0x0000000785480000,0x000000078721c3e8,0x0000000787280000)
  to   space 47104K, 0% used [0x0000000781680000,0x0000000781680000,0x0000000784480000)
 ParOldGen       total 297472K, used 83473K [0x00000006c6e00000, 0x00000006d9080000, 0x000000076cf80000)
  object space 297472K, 28% used [0x00000006c6e00000,0x00000006cbf845a0,0x00000006d9080000)
 Metaspace       used 43969K, capacity 45837K, committed 45992K, reserved 1089536K
  class space    used 5834K, capacity 6315K, committed 6320K, reserved 1048576K
Event: 6.638 GC heap after
Heap after GC invocations=9 (full 2):
 PSYoungGen      total 381952K, used 36517K [0x000000076cf80000, 0x000000078a000000, 0x00000007c0000000)
  eden space 334848K, 0% used [0x000000076cf80000,0x000000076cf80000,0x0000000781680000)
  from space 47104K, 77% used [0x0000000781680000,0x0000000783a297c0,0x0000000784480000)
  to   space 51200K, 0% used [0x0000000786e00000,0x0000000786e00000,0x000000078a000000)
 ParOldGen       total 297472K, used 83481K [0x00000006c6e00000, 0x00000006d9080000, 0x000000076cf80000)
  object space 297472K, 28% used [0x00000006c6e00000,0x00000006cbf865a0,0x00000006d9080000)
 Metaspace       used 43969K, capacity 45837K, committed 45992K, reserved 1089536K
  class space    used 5834K, capacity 6315K, committed 6320K, reserved 1048576K
}
Event: 7.216 GC heap before
{Heap before GC invocations=10 (full 2):
 PSYoungGen      total 381952K, used 368127K [0x000000076cf80000, 0x000000078a000000, 0x00000007c0000000)
  eden space 334848K, 99% used [0x000000076cf80000,0x0000000781356760,0x0000000781680000)
  from space 47104K, 77% used [0x0000000781680000,0x0000000783a297c0,0x0000000784480000)
  to   space 51200K, 0% used [0x0000000786e00000,0x0000000786e00000,0x000000078a000000)
 ParOldGen       total 297472K, used 83481K [0x00000006c6e00000, 0x00000006d9080000, 0x000000076cf80000)
  object space 297472K, 28% used [0x00000006c6e00000,0x00000006cbf865a0,0x00000006d9080000)
 Metaspace       used 45722K, capacity 47661K, committed 47784K, reserved 1091584K
  class space    used 6067K, capacity 6539K, committed 6576K, reserved 1048576K
Event: 7.239 GC heap after
Heap after GC invocations=10 (full 2):
 PSYoungGen      total 421376K, used 38070K [0x000000076cf80000, 0x000000078be80000, 0x00000007c0000000)
  eden space 370176K, 0% used [0x000000076cf80000,0x000000076cf80000,0x0000000783900000)
  from space 51200K, 74% used [0x0000000786e00000,0x000000078932d9b8,0x000000078a000000)
  to   space 54272K, 0% used [0x0000000783900000,0x0000000783900000,0x0000000786e00000)
 ParOldGen       total 297472K, used 83489K [0x00000006c6e00000, 0x00000006d9080000, 0x000000076cf80000)
  object space 297472K, 28% used [0x00000006c6e00000,0x00000006cbf885a0,0x00000006d9080000)
 Metaspace       used 45722K, capacity 47661K, committed 47784K, reserved 1091584K
  class space    used 6067K, capacity 6539K, committed 6576K, reserved 1048576K
}
Event: 29.213 GC heap before
{Heap before GC invocations=11 (full 2):
 PSYoungGen      total 421376K, used 408246K [0x000000076cf80000, 0x000000078be80000, 0x00000007c0000000)
  eden space 370176K, 100% used [0x000000076cf80000,0x0000000783900000,0x0000000783900000)
  from space 51200K, 74% used [0x0000000786e00000,0x000000078932d9b8,0x000000078a000000)
  to   space 54272K, 0% used [0x0000000783900000,0x0000000783900000,0x0000000786e00000)
 ParOldGen       total 297472K, used 83489K [0x00000006c6e00000, 0x00000006d9080000, 0x000000076cf80000)
  object space 297472K, 28% used [0x00000006c6e00000,0x00000006cbf885a0,0x00000006d9080000)
 Metaspace       used 49167K, capacity 51045K, committed 51240K, reserved 1093632K
  class space    used 6423K, capacity 6895K, committed 6960K, reserved 1048576K
Event: 29.238 GC heap after
Heap after GC invocations=11 (full 2):
 PSYoungGen      total 424448K, used 40400K [0x000000076cf80000, 0x000000078c900000, 0x00000007c0000000)
  eden space 370176K, 0% used [0x000000076cf80000,0x000000076cf80000,0x0000000783900000)
  from space 54272K, 74% used [0x0000000783900000,0x0000000786074048,0x0000000786e00000)
  to   space 56832K, 0% used [0x0000000789180000,0x0000000789180000,0x000000078c900000)
 ParOldGen       total 297472K, used 83497K [0x00000006c6e00000, 0x00000006d9080000, 0x000000076cf80000)
  object space 297472K, 28% used [0x00000006c6e00000,0x00000006cbf8a5a0,0x00000006d9080000)
 Metaspace       used 49167K, capacity 51045K, committed 51240K, reserved 1093632K
  class space    used 6423K, capacity 6895K, committed 6960K, reserved 1048576K
}

