# JRE version: OpenJDK Runtime Environment (8.0_382-b05) (build 1.8.0_382-b05)
# Java VM: OpenJDK 64-Bit Server VM (25.382-b05 mixed mode linux-amd64 compressed oops)
Heap:
 PSYoungGen      total 406016K, used 97208K [0x000000076d000000, 0x000000078d180000, 0x00000007c0000000)
  eden space 371712K, 16% used [0x000000076d000000,0x0000000770d6fd70,0x0000000783b00000)
  from space 34304K, 99% used [0x0000000787000000,0x000000078917e670,0x0000000789180000)
  to   space 54272K, 0% used [0x0000000783b00000,0x0000000783b00000,0x0000000787000000)
 ParOldGen       total 250368K, used 91448K [0x00000006c7000000, 0x00000006d6480000, 0x000000076d000000)
  object space 250368K, 36% used [0x00000006c7000000,0x00000006cc94e3b8,0x00000006d6480000)
 Metaspace       used 47439K, capacity 50157K, committed 50304K, reserved 1093632K
  class space    used 6338K, capacity 6983K, committed 7040K, reserved 1048576K
GC Heap History (10 events):
Event: 2.745 GC heap before
{Heap before GC invocations=6 (full 1):
 PSYoungGen      total 268288K, used 182716K [0x000000076d000000, 0x000000077e000000, 0x00000007c0000000)
  eden space 258048K, 70% used [0x000000076d000000,0x000000077826f260,0x000000077cc00000)
  from space 10240K, 0% used [0x000000077d600000,0x000000077d600000,0x000000077e000000)
  to   space 10240K, 0% used [0x000000077cc00000,0x000000077cc00000,0x000000077d600000)
 ParOldGen       total 158720K, used 39265K [0x00000006c7000000, 0x00000006d0b00000, 0x000000076d000000)
  object space 158720K, 24% used [0x00000006c7000000,0x00000006c9658680,0x00000006d0b00000)
 Metaspace       used 33610K, capacity 35304K, committed 35416K, reserved 1079296K
  class space    used 4527K, capacity 4942K, committed 4992K, reserved 1048576K
Event: 2.759 GC heap after
Heap after GC invocations=6 (full 1):
 PSYoungGen      total 268288K, used 10208K [0x000000076d000000, 0x0000000785f00000, 0x00000007c0000000)
  eden space 258048K, 0% used [0x000000076d000000,0x000000076d000000,0x000000077cc00000)
  from space 10240K, 99% used [0x000000077cc00000,0x000000077d5f80e0,0x000000077d600000)
  to   space 28160K, 0% used [0x0000000784380000,0x0000000784380000,0x0000000785f00000)
 ParOldGen       total 158720K, used 47316K [0x00000006c7000000, 0x00000006d0b00000, 0x000000076d000000)
  object space 158720K, 29% used [0x00000006c7000000,0x00000006c9e35128,0x00000006d0b00000)
 Metaspace       used 33610K, capacity 35304K, committed 35416K, reserved 1079296K
  class space    used 4527K, capacity 4942K, committed 4992K, reserved 1048576K
}
Event: 2.759 GC heap before
{Heap before GC invocations=7 (full 2):
 PSYoungGen      total 268288K, used 10208K [0x000000076d000000, 0x0000000785f00000, 0x00000007c0000000)
  eden space 258048K, 0% used [0x000000076d000000,0x000000076d000000,0x000000077cc00000)
  from space 10240K, 99% used [0x000000077cc00000,0x000000077d5f80e0,0x000000077d600000)
  to   space 28160K, 0% used [0x0000000784380000,0x0000000784380000,0x0000000785f00000)
 ParOldGen       total 158720K, used 47316K [0x00000006c7000000, 0x00000006d0b00000, 0x000000076d000000)
  object space 158720K, 29% used [0x00000006c7000000,0x00000006c9e35128,0x00000006d0b00000)
 Metaspace       used 33610K, capacity 35304K, committed 35416K, reserved 1079296K
  class space    used 4527K, capacity 4942K, committed 4992K, reserved 1048576K
Event: 2.953 GC heap after
Heap after GC invocations=7 (full 2):
 PSYoungGen      total 268288K, used 0K [0x000000076d000000, 0x0000000785f00000, 0x00000007c0000000)
  eden space 258048K, 0% used [0x000000076d000000,0x000000076d000000,0x000000077cc00000)
  from space 10240K, 0% used [0x000000077cc00000,0x000000077cc00000,0x000000077d600000)
  to   space 28160K, 0% used [0x0000000784380000,0x0000000784380000,0x0000000785f00000)
 ParOldGen       total 250368K, used 56708K [0x00000006c7000000, 0x00000006d6480000, 0x000000076d000000)
  object space 250368K, 22% used [0x00000006c7000000,0x00000006ca761230,0x00000006d6480000)
 Metaspace       used 33610K, capacity 35304K, committed 35416K, reserved 1079296K
  class space    used 4527K, capacity 4942K, committed 4992K, reserved 1048576K
}
Event: 3.802 GC heap before
{Heap before GC invocations=8 (full 2):
 PSYoungGen      total 268288K, used 258048K [0x000000076d000000, 0x0000000785f00000, 0x00000007c0000000)
  eden space 258048K, 100% used [0x000000076d000000,0x000000077cc00000,0x000000077cc00000)
  from space 10240K, 0% used [0x000000077cc00000,0x000000077cc00000,0x000000077d600000)
  to   space 28160K, 0% used [0x0000000784380000,0x0000000784380000,0x0000000785f00000)
 ParOldGen       total 250368K, used 56708K [0x00000006c7000000, 0x00000006d6480000, 0x000000076d000000)
  object space 250368K, 22% used [0x00000006c7000000,0x00000006ca761230,0x00000006d6480000)
 Metaspace       used 44184K, capacity 46907K, committed 47104K, reserved 1089536K
  class space    used 5986K, capacity 6626K, committed 6656K, reserved 1048576K
Event: 3.828 GC heap after
Heap after GC invocations=8 (full 2):
 PSYoungGen      total 342016K, used 22250K [0x000000076d000000, 0x0000000785980000, 0x00000007c0000000)
  eden space 319488K, 0% used [0x000000076d000000,0x000000076d000000,0x0000000780800000)
  from space 22528K, 98% used [0x0000000784380000,0x000000078593a8a0,0x0000000785980000)
  to   space 29696K, 0% used [0x0000000781f80000,0x0000000781f80000,0x0000000783c80000)
 ParOldGen       total 250368K, used 56716K [0x00000006c7000000, 0x00000006d6480000, 0x000000076d000000)
  object space 250368K, 22% used [0x00000006c7000000,0x00000006ca763230,0x00000006d6480000)
 Metaspace       used 44184K, capacity 46907K, committed 47104K, reserved 1089536K
  class space    used 5986K, capacity 6626K, committed 6656K, reserved 1048576K
}
Event: 4.307 GC heap before
{Heap before GC invocations=9 (full 2):
 PSYoungGen      total 342016K, used 341738K [0x000000076d000000, 0x0000000785980000, 0x00000007c0000000)
  eden space 319488K, 100% used [0x000000076d000000,0x0000000780800000,0x0000000780800000)
  from space 22528K, 98% used [0x0000000784380000,0x000000078593a8a0,0x0000000785980000)
  to   space 29696K, 0% used [0x0000000781f80000,0x0000000781f80000,0x0000000783c80000)
 ParOldGen       total 250368K, used 56716K [0x00000006c7000000, 0x00000006d6480000, 0x000000076d000000)
  object space 250368K, 22% used [0x00000006c7000000,0x00000006ca763230,0x00000006d6480000)
 Metaspace       used 44689K, capacity 47457K, committed 47744K, reserved 1089536K
  class space    used 6015K, capacity 6659K, committed 6784K, reserved 1048576K
Event: 4.324 GC heap after
Heap after GC invocations=9 (full 2):
 PSYoungGen      total 373248K, used 28540K [0x000000076d000000, 0x0000000789180000, 0x00000007c0000000)
  eden space 343552K, 0% used [0x000000076d000000,0x000000076d000000,0x0000000781f80000)
  from space 29696K, 96% used [0x0000000781f80000,0x0000000783b5f230,0x0000000783c80000)
  to   space 34304K, 0% used [0x0000000787000000,0x0000000787000000,0x0000000789180000)
 ParOldGen       total 250368K, used 56724K [0x00000006c7000000, 0x00000006d6480000, 0x000000076d000000)
  object space 250368K, 22% used [0x00000006c7000000,0x00000006ca765230,0x00000006d6480000)
 Metaspace       used 44689K, capacity 47457K, committed 47744K, reserved 1089536K
  class space    used 6015K, capacity 6659K, committed 6784K, reserved 1048576K
}
Event: 4.905 GC heap before
{Heap before GC invocations=10 (full 2):
 PSYoungGen      total 373248K, used 372092K [0x000000076d000000, 0x0000000789180000, 0x00000007c0000000)
  eden space 343552K, 100% used [0x000000076d000000,0x0000000781f80000,0x0000000781f80000)
  from space 29696K, 96% used [0x0000000781f80000,0x0000000783b5f230,0x0000000783c80000)
  to   space 34304K, 0% used [0x0000000787000000,0x0000000787000000,0x0000000789180000)
 ParOldGen       total 250368K, used 56724K [0x00000006c7000000, 0x00000006d6480000, 0x000000076d000000)
  object space 250368K, 22% used [0x00000006c7000000,0x00000006ca765230,0x00000006d6480000)
 Metaspace       used 46785K, capacity 49549K, committed 49792K, reserved 1091584K
  class space    used 6295K, capacity 6951K, committed 7040K, reserved 1048576K
Event: 4.925 GC heap after
Heap after GC invocations=10 (full 2):
 PSYoungGen      total 406016K, used 34297K [0x000000076d000000, 0x000000078d180000, 0x00000007c0000000)
  eden space 371712K, 0% used [0x000000076d000000,0x000000076d000000,0x0000000783b00000)
  from space 34304K, 99% used [0x0000000787000000,0x000000078917e670,0x0000000789180000)
  to   space 54272K, 0% used [0x0000000783b00000,0x0000000783b00000,0x0000000787000000)
 ParOldGen       total 250368K, used 91448K [0x00000006c7000000, 0x00000006d6480000, 0x000000076d000000)
  object space 250368K, 36% used [0x00000006c7000000,0x00000006cc94e3b8,0x00000006d6480000)
 Metaspace       used 46785K, capacity 49549K, committed 49792K, reserved 1091584K
  class space    used 6295K, capacity 6951K, committed 7040K, reserved 1048576K
}

