# JRE version: OpenJDK Runtime Environment (8.0_332-b08) (build 1.8.0_332-b08)
# Java VM: OpenJDK 64-Bit Server VM (25.332-b08 mixed mode linux-amd64 compressed oops)
Heap:
 PSYoungGen      total 492544K, used 316114K [0x000000076cf80000, 0x000000078f780000, 0x00000007c0000000)
  eden space 422912K, 74% used [0x000000076cf80000,0x0000000780434a28,0x0000000786c80000)
  from space 69632K, 0% used [0x0000000786c80000,0x0000000786c80000,0x000000078b080000)
  to   space 71168K, 0% used [0x000000078b200000,0x000000078b200000,0x000000078f780000)
 ParOldGen       total 273920K, used 81146K [0x00000006c6e00000, 0x00000006d7980000, 0x000000076cf80000)
  object space 273920K, 29% used [0x00000006c6e00000,0x00000006cbd3ebd0,0x00000006d7980000)
 Metaspace       used 50941K, capacity 52907K, committed 53160K, reserved 1095680K
  class space    used 6574K, capacity 7066K, committed 7080K, reserved 1048576K
GC Heap History (10 events):
Event: 1041.369 GC heap before
{Heap before GC invocations=22 (full 2):
 PSYoungGen      total 517632K, used 517555K [0x000000076cf80000, 0x0000000792500000, 0x00000007c0000000)
  eden space 471552K, 100% used [0x000000076cf80000,0x0000000789c00000,0x0000000789c00000)
  from space 46080K, 99% used [0x000000078b600000,0x000000078e2ecf20,0x000000078e300000)
  to   space 67584K, 0% used [0x000000078e300000,0x000000078e300000,0x0000000792500000)
 ParOldGen       total 273920K, used 72336K [0x00000006c6e00000, 0x00000006d7980000, 0x000000076cf80000)
  object space 273920K, 26% used [0x00000006c6e00000,0x00000006cb4a4328,0x00000006d7980000)
 Metaspace       used 50521K, capacity 52413K, committed 52648K, reserved 1095680K
  class space    used 6514K, capacity 6965K, committed 7080K, reserved 1048576K
Event: 1041.381 GC heap after
Heap after GC invocations=22 (full 2):
 PSYoungGen      total 504320K, used 45966K [0x000000076cf80000, 0x0000000791380000, 0x00000007c0000000)
  eden space 454656K, 0% used [0x000000076cf80000,0x000000076cf80000,0x0000000788b80000)
  from space 49664K, 92% used [0x000000078e300000,0x0000000790fe39c8,0x0000000791380000)
  to   space 69632K, 0% used [0x0000000788b80000,0x0000000788b80000,0x000000078cf80000)
 ParOldGen       total 273920K, used 72336K [0x00000006c6e00000, 0x00000006d7980000, 0x000000076cf80000)
  object space 273920K, 26% used [0x00000006c6e00000,0x00000006cb4a4328,0x00000006d7980000)
 Metaspace       used 50521K, capacity 52413K, committed 52648K, reserved 1095680K
  class space    used 6514K, capacity 6965K, committed 7080K, reserved 1048576K
}
Event: 1095.469 GC heap before
{Heap before GC invocations=23 (full 2):
 PSYoungGen      total 504320K, used 500622K [0x000000076cf80000, 0x0000000791380000, 0x00000007c0000000)
  eden space 454656K, 100% used [0x000000076cf80000,0x0000000788b80000,0x0000000788b80000)
  from space 49664K, 92% used [0x000000078e300000,0x0000000790fe39c8,0x0000000791380000)
  to   space 69632K, 0% used [0x0000000788b80000,0x0000000788b80000,0x000000078cf80000)
 ParOldGen       total 273920K, used 72336K [0x00000006c6e00000, 0x00000006d7980000, 0x000000076cf80000)
  object space 273920K, 26% used [0x00000006c6e00000,0x00000006cb4a4328,0x00000006d7980000)
 Metaspace       used 50521K, capacity 52413K, committed 52648K, reserved 1095680K
  class space    used 6514K, capacity 6965K, committed 7080K, reserved 1048576K
Event: 1095.482 GC heap after
Heap after GC invocations=23 (full 2):
 PSYoungGen      total 460800K, used 22121K [0x000000076cf80000, 0x0000000790380000, 0x00000007c0000000)
  eden space 438272K, 0% used [0x000000076cf80000,0x000000076cf80000,0x0000000787b80000)
  from space 22528K, 98% used [0x0000000788b80000,0x000000078a11a5f0,0x000000078a180000)
  to   space 69632K, 0% used [0x000000078bf80000,0x000000078bf80000,0x0000000790380000)
 ParOldGen       total 273920K, used 96174K [0x00000006c6e00000, 0x00000006d7980000, 0x000000076cf80000)
  object space 273920K, 35% used [0x00000006c6e00000,0x00000006ccbeb8f8,0x00000006d7980000)
 Metaspace       used 50521K, capacity 52413K, committed 52648K, reserved 1095680K
  class space    used 6514K, capacity 6965K, committed 7080K, reserved 1048576K
}
Event: 1159.919 GC heap before
{Heap before GC invocations=24 (full 2):
 PSYoungGen      total 460800K, used 460393K [0x000000076cf80000, 0x0000000790380000, 0x00000007c0000000)
  eden space 438272K, 100% used [0x000000076cf80000,0x0000000787b80000,0x0000000787b80000)
  from space 22528K, 98% used [0x0000000788b80000,0x000000078a11a5f0,0x000000078a180000)
  to   space 69632K, 0% used [0x000000078bf80000,0x000000078bf80000,0x0000000790380000)
 ParOldGen       total 273920K, used 96174K [0x00000006c6e00000, 0x00000006d7980000, 0x000000076cf80000)
  object space 273920K, 35% used [0x00000006c6e00000,0x00000006ccbeb8f8,0x00000006d7980000)
 Metaspace       used 50541K, capacity 52413K, committed 52648K, reserved 1095680K
  class space    used 6514K, capacity 6965K, committed 7080K, reserved 1048576K
Event: 1159.926 GC heap after
Heap after GC invocations=24 (full 2):
 PSYoungGen      total 477184K, used 21078K [0x000000076cf80000, 0x000000078f480000, 0x00000007c0000000)
  eden space 422912K, 0% used [0x000000076cf80000,0x000000076cf80000,0x0000000786c80000)
  from space 54272K, 38% used [0x000000078bf80000,0x000000078d415be8,0x000000078f480000)
  to   space 69632K, 0% used [0x0000000786c80000,0x0000000786c80000,0x000000078b080000)
 ParOldGen       total 273920K, used 97290K [0x00000006c6e00000, 0x00000006d7980000, 0x000000076cf80000)
  object space 273920K, 35% used [0x00000006c6e00000,0x00000006ccd02a08,0x00000006d7980000)
 Metaspace       used 50541K, capacity 52413K, committed 52648K, reserved 1095680K
  class space    used 6514K, capacity 6965K, committed 7080K, reserved 1048576K
}
Event: 1196.100 GC heap before
{Heap before GC invocations=25 (full 2):
 PSYoungGen      total 477184K, used 122907K [0x000000076cf80000, 0x000000078f480000, 0x00000007c0000000)
  eden space 422912K, 24% used [0x000000076cf80000,0x00000007732f1350,0x0000000786c80000)
  from space 54272K, 38% used [0x000000078bf80000,0x000000078d415be8,0x000000078f480000)
  to   space 69632K, 0% used [0x0000000786c80000,0x0000000786c80000,0x000000078b080000)
 ParOldGen       total 273920K, used 97290K [0x00000006c6e00000, 0x00000006d7980000, 0x000000076cf80000)
  object space 273920K, 35% used [0x00000006c6e00000,0x00000006ccd02a08,0x00000006d7980000)
 Metaspace       used 50560K, capacity 52477K, committed 52904K, reserved 1095680K
  class space    used 6516K, capacity 6965K, committed 7080K, reserved 1048576K
Event: 1196.106 GC heap after
Heap after GC invocations=25 (full 2):
 PSYoungGen      total 492544K, used 6148K [0x000000076cf80000, 0x000000078f780000, 0x00000007c0000000)
  eden space 422912K, 0% used [0x000000076cf80000,0x000000076cf80000,0x0000000786c80000)
  from space 69632K, 8% used [0x0000000786c80000,0x0000000787281248,0x000000078b080000)
  to   space 71168K, 0% used [0x000000078b200000,0x000000078b200000,0x000000078f780000)
 ParOldGen       total 273920K, used 111991K [0x00000006c6e00000, 0x00000006d7980000, 0x000000076cf80000)
  object space 273920K, 40% used [0x00000006c6e00000,0x00000006cdb5dd88,0x00000006d7980000)
 Metaspace       used 50560K, capacity 52477K, committed 52904K, reserved 1095680K
  class space    used 6516K, capacity 6965K, committed 7080K, reserved 1048576K
}
Event: 1196.106 GC heap before
{Heap before GC invocations=26 (full 3):
 PSYoungGen      total 492544K, used 6148K [0x000000076cf80000, 0x000000078f780000, 0x00000007c0000000)
  eden space 422912K, 0% used [0x000000076cf80000,0x000000076cf80000,0x0000000786c80000)
  from space 69632K, 8% used [0x0000000786c80000,0x0000000787281248,0x000000078b080000)
  to   space 71168K, 0% used [0x000000078b200000,0x000000078b200000,0x000000078f780000)
 ParOldGen       total 273920K, used 111991K [0x00000006c6e00000, 0x00000006d7980000, 0x000000076cf80000)
  object space 273920K, 40% used [0x00000006c6e00000,0x00000006cdb5dd88,0x00000006d7980000)
 Metaspace       used 50560K, capacity 52477K, committed 52904K, reserved 1095680K
  class space    used 6516K, capacity 6965K, committed 7080K, reserved 1048576K
Event: 1196.287 GC heap after
Heap after GC invocations=26 (full 3):
 PSYoungGen      total 492544K, used 0K [0x000000076cf80000, 0x000000078f780000, 0x00000007c0000000)
  eden space 422912K, 0% used [0x000000076cf80000,0x000000076cf80000,0x0000000786c80000)
  from space 69632K, 0% used [0x0000000786c80000,0x0000000786c80000,0x000000078b080000)
  to   space 71168K, 0% used [0x000000078b200000,0x000000078b200000,0x000000078f780000)
 ParOldGen       total 273920K, used 81146K [0x00000006c6e00000, 0x00000006d7980000, 0x000000076cf80000)
  object space 273920K, 29% used [0x00000006c6e00000,0x00000006cbd3ebd0,0x00000006d7980000)
 Metaspace       used 50560K, capacity 52477K, committed 52904K, reserved 1095680K
  class space    used 6516K, capacity 6965K, committed 7080K, reserved 1048576K
}

