# JRE version: OpenJDK Runtime Environment (8.0_332-b08) (build 1.8.0_332-b08)
# Java VM: OpenJDK 64-Bit Server VM (25.332-b08 mixed mode linux-amd64 compressed oops)
Heap:
 PSYoungGen      total 536064K, used 488616K [0x000000076cf80000, 0x000000079a580000, 0x00000007c0000000)
  eden space 521216K, 90% used [0x000000076cf80000,0x0000000789e78d38,0x000000078cc80000)
  from space 14848K, 97% used [0x000000078cc80000,0x000000078dab1430,0x000000078db00000)
  to   space 110080K, 0% used [0x0000000793a00000,0x0000000793a00000,0x000000079a580000)
 ParOldGen       total 541696K, used 383555K [0x00000006c6e00000, 0x00000006e7f00000, 0x000000076cf80000)
  object space 541696K, 70% used [0x00000006c6e00000,0x00000006de490fb0,0x00000006e7f00000)
 Metaspace       used 55842K, capacity 58005K, committed 58152K, reserved 1099776K
  class space    used 6922K, capacity 7418K, committed 7472K, reserved 1048576K
GC Heap History (10 events):
Event: 184.758 GC heap before
{Heap before GC invocations=94 (full 11):
 PSYoungGen      total 640000K, used 531018K [0x000000076cf80000, 0x000000079b980000, 0x00000007c0000000)
  eden space 517120K, 100% used [0x000000076cf80000,0x000000078c880000,0x000000078c880000)
  from space 122880K, 11% used [0x0000000794180000,0x0000000794f129c0,0x000000079b980000)
  to   space 123392K, 0% used [0x000000078c880000,0x000000078c880000,0x0000000794100000)
 ParOldGen       total 541696K, used 383251K [0x00000006c6e00000, 0x00000006e7f00000, 0x000000076cf80000)
  object space 541696K, 70% used [0x00000006c6e00000,0x00000006de444fa0,0x00000006e7f00000)
 Metaspace       used 55828K, capacity 57933K, committed 58152K, reserved 1099776K
  class space    used 6922K, capacity 7418K, committed 7472K, reserved 1048576K
Event: 184.765 GC heap after
Heap after GC invocations=94 (full 11):
 PSYoungGen      total 640512K, used 13764K [0x000000076cf80000, 0x000000079b900000, 0x00000007c0000000)
  eden space 517120K, 0% used [0x000000076cf80000,0x000000076cf80000,0x000000078c880000)
  from space 123392K, 11% used [0x000000078c880000,0x000000078d5f1010,0x0000000794100000)
  to   space 121856K, 0% used [0x0000000794200000,0x0000000794200000,0x000000079b900000)
 ParOldGen       total 541696K, used 383283K [0x00000006c6e00000, 0x00000006e7f00000, 0x000000076cf80000)
  object space 541696K, 70% used [0x00000006c6e00000,0x00000006de44cfa0,0x00000006e7f00000)
 Metaspace       used 55828K, capacity 57933K, committed 58152K, reserved 1099776K
  class space    used 6922K, capacity 7418K, committed 7472K, reserved 1048576K
}
Event: 188.059 GC heap before
{Heap before GC invocations=95 (full 11):
 PSYoungGen      total 640512K, used 530884K [0x000000076cf80000, 0x000000079b900000, 0x00000007c0000000)
  eden space 517120K, 100% used [0x000000076cf80000,0x000000078c880000,0x000000078c880000)
  from space 123392K, 11% used [0x000000078c880000,0x000000078d5f1010,0x0000000794100000)
  to   space 121856K, 0% used [0x0000000794200000,0x0000000794200000,0x000000079b900000)
 ParOldGen       total 541696K, used 383283K [0x00000006c6e00000, 0x00000006e7f00000, 0x000000076cf80000)
  object space 541696K, 70% used [0x00000006c6e00000,0x00000006de44cfa0,0x00000006e7f00000)
 Metaspace       used 55832K, capacity 57933K, committed 58152K, reserved 1099776K
  class space    used 6922K, capacity 7418K, committed 7472K, reserved 1048576K
Event: 188.064 GC heap after
Heap after GC invocations=95 (full 11):
 PSYoungGen      total 636416K, used 13976K [0x000000076cf80000, 0x000000079b480000, 0x00000007c0000000)
  eden space 519168K, 0% used [0x000000076cf80000,0x000000076cf80000,0x000000078ca80000)
  from space 117248K, 11% used [0x0000000794200000,0x0000000794fa6080,0x000000079b480000)
  to   space 119808K, 0% used [0x000000078ca80000,0x000000078ca80000,0x0000000793f80000)
 ParOldGen       total 541696K, used 383379K [0x00000006c6e00000, 0x00000006e7f00000, 0x000000076cf80000)
  object space 541696K, 70% used [0x00000006c6e00000,0x00000006de464fb0,0x00000006e7f00000)
 Metaspace       used 55832K, capacity 57933K, committed 58152K, reserved 1099776K
  class space    used 6922K, capacity 7418K, committed 7472K, reserved 1048576K
}
Event: 190.759 GC heap before
{Heap before GC invocations=96 (full 11):
 PSYoungGen      total 636416K, used 533144K [0x000000076cf80000, 0x000000079b480000, 0x00000007c0000000)
  eden space 519168K, 100% used [0x000000076cf80000,0x000000078ca80000,0x000000078ca80000)
  from space 117248K, 11% used [0x0000000794200000,0x0000000794fa6080,0x000000079b480000)
  to   space 119808K, 0% used [0x000000078ca80000,0x000000078ca80000,0x0000000793f80000)
 ParOldGen       total 541696K, used 383379K [0x00000006c6e00000, 0x00000006e7f00000, 0x000000076cf80000)
  object space 541696K, 70% used [0x00000006c6e00000,0x00000006de464fb0,0x00000006e7f00000)
 Metaspace       used 55842K, capacity 58005K, committed 58152K, reserved 1099776K
  class space    used 6922K, capacity 7418K, committed 7472K, reserved 1048576K
Event: 190.767 GC heap after
Heap after GC invocations=96 (full 11):
 PSYoungGen      total 532992K, used 13737K [0x000000076cf80000, 0x000000079b180000, 0x00000007c0000000)
  eden space 519168K, 0% used [0x000000076cf80000,0x000000076cf80000,0x000000078ca80000)
  from space 13824K, 99% used [0x000000078ca80000,0x000000078d7ea480,0x000000078d800000)
  to   space 117248K, 0% used [0x0000000793f00000,0x0000000793f00000,0x000000079b180000)
 ParOldGen       total 541696K, used 383443K [0x00000006c6e00000, 0x00000006e7f00000, 0x000000076cf80000)
  object space 541696K, 70% used [0x00000006c6e00000,0x00000006de474fb0,0x00000006e7f00000)
 Metaspace       used 55842K, capacity 58005K, committed 58152K, reserved 1099776K
  class space    used 6922K, capacity 7418K, committed 7472K, reserved 1048576K
}
Event: 193.878 GC heap before
{Heap before GC invocations=97 (full 11):
 PSYoungGen      total 532992K, used 532905K [0x000000076cf80000, 0x000000079b180000, 0x00000007c0000000)
  eden space 519168K, 100% used [0x000000076cf80000,0x000000078ca80000,0x000000078ca80000)
  from space 13824K, 99% used [0x000000078ca80000,0x000000078d7ea480,0x000000078d800000)
  to   space 117248K, 0% used [0x0000000793f00000,0x0000000793f00000,0x000000079b180000)
 ParOldGen       total 541696K, used 383443K [0x00000006c6e00000, 0x00000006e7f00000, 0x000000076cf80000)
  object space 541696K, 70% used [0x00000006c6e00000,0x00000006de474fb0,0x00000006e7f00000)
 Metaspace       used 55842K, capacity 58005K, committed 58152K, reserved 1099776K
  class space    used 6922K, capacity 7418K, committed 7472K, reserved 1048576K
Event: 193.884 GC heap after
Heap after GC invocations=97 (full 11):
 PSYoungGen      total 631296K, used 13940K [0x000000076cf80000, 0x000000079aa80000, 0x00000007c0000000)
  eden space 521216K, 0% used [0x000000076cf80000,0x000000076cf80000,0x000000078cc80000)
  from space 110080K, 12% used [0x0000000793f00000,0x0000000794c9d000,0x000000079aa80000)
  to   space 113664K, 0% used [0x000000078cc80000,0x000000078cc80000,0x0000000793b80000)
 ParOldGen       total 541696K, used 383515K [0x00000006c6e00000, 0x00000006e7f00000, 0x000000076cf80000)
  object space 541696K, 70% used [0x00000006c6e00000,0x00000006de486fb0,0x00000006e7f00000)
 Metaspace       used 55842K, capacity 58005K, committed 58152K, reserved 1099776K
  class space    used 6922K, capacity 7418K, committed 7472K, reserved 1048576K
}
Event: 198.131 GC heap before
{Heap before GC invocations=98 (full 11):
 PSYoungGen      total 631296K, used 535156K [0x000000076cf80000, 0x000000079aa80000, 0x00000007c0000000)
  eden space 521216K, 100% used [0x000000076cf80000,0x000000078cc80000,0x000000078cc80000)
  from space 110080K, 12% used [0x0000000793f00000,0x0000000794c9d000,0x000000079aa80000)
  to   space 113664K, 0% used [0x000000078cc80000,0x000000078cc80000,0x0000000793b80000)
 ParOldGen       total 541696K, used 383515K [0x00000006c6e00000, 0x00000006e7f00000, 0x000000076cf80000)
  object space 541696K, 70% used [0x00000006c6e00000,0x00000006de486fb0,0x00000006e7f00000)
 Metaspace       used 55842K, capacity 58005K, committed 58152K, reserved 1099776K
  class space    used 6922K, capacity 7418K, committed 7472K, reserved 1048576K
Event: 198.140 GC heap after
Heap after GC invocations=98 (full 11):
 PSYoungGen      total 536064K, used 14533K [0x000000076cf80000, 0x000000079a580000, 0x00000007c0000000)
  eden space 521216K, 0% used [0x000000076cf80000,0x000000076cf80000,0x000000078cc80000)
  from space 14848K, 97% used [0x000000078cc80000,0x000000078dab1430,0x000000078db00000)
  to   space 110080K, 0% used [0x0000000793a00000,0x0000000793a00000,0x000000079a580000)
 ParOldGen       total 541696K, used 383555K [0x00000006c6e00000, 0x00000006e7f00000, 0x000000076cf80000)
  object space 541696K, 70% used [0x00000006c6e00000,0x00000006de490fb0,0x00000006e7f00000)
 Metaspace       used 55842K, capacity 58005K, committed 58152K, reserved 1099776K
  class space    used 6922K, capacity 7418K, committed 7472K, reserved 1048576K
}

