# JRE version: OpenJDK Runtime Environment (8.0_312-b07) (build 1.8.0_312-b07)
# Java VM: OpenJDK 64-Bit Server VM (25.312-b07 mixed mode windows-amd64 compressed oops)
Heap:
 PSYoungGen      total 272896K, used 191716K [0x000000076af80000, 0x0000000786880000, 0x00000007c0000000)
  eden space 262144K, 73% used [0x000000076af80000,0x0000000776ab9378,0x000000077af80000)
  from space 10752K, 0% used [0x000000077af80000,0x000000077af80000,0x000000077ba00000)
  to   space 53248K, 0% used [0x0000000783480000,0x0000000783480000,0x0000000786880000)
 ParOldGen       total 334848K, used 94463K [0x00000006c0e00000, 0x00000006d5500000, 0x000000076af80000)
  object space 334848K, 28% used [0x00000006c0e00000,0x00000006c6a3ff08,0x00000006d5500000)
 Metaspace       used 41644K, capacity 43337K, committed 43392K, reserved 1087488K
  class space    used 5565K, capacity 5993K, committed 6016K, reserved 1048576K
GC Heap History (10 events):
Event: 1.955 GC heap before
{Heap before GC invocations=3 (full 0):
 PSYoungGen      total 141824K, used 141480K [0x000000076af80000, 0x0000000774480000, 0x00000007c0000000)
  eden space 131072K, 100% used [0x000000076af80000,0x0000000772f80000,0x0000000772f80000)
  from space 10752K, 96% used [0x0000000773a00000,0x000000077442a3b8,0x0000000774480000)
  to   space 10752K, 0% used [0x0000000772f80000,0x0000000772f80000,0x0000000773a00000)
 ParOldGen       total 175104K, used 10264K [0x00000006c0e00000, 0x00000006cb900000, 0x000000076af80000)
  object space 175104K, 5% used [0x00000006c0e00000,0x00000006c1806010,0x00000006cb900000)
 Metaspace       used 16404K, capacity 16634K, committed 16768K, reserved 1064960K
  class space    used 2025K, capacity 2106K, committed 2176K, reserved 1048576K
Event: 1.968 GC heap after
Heap after GC invocations=3 (full 0):
 PSYoungGen      total 141824K, used 10745K [0x000000076af80000, 0x000000077c480000, 0x00000007c0000000)
  eden space 131072K, 0% used [0x000000076af80000,0x000000076af80000,0x0000000772f80000)
  from space 10752K, 99% used [0x0000000772f80000,0x00000007739fe770,0x0000000773a00000)
  to   space 10752K, 0% used [0x000000077ba00000,0x000000077ba00000,0x000000077c480000)
 ParOldGen       total 175104K, used 16872K [0x00000006c0e00000, 0x00000006cb900000, 0x000000076af80000)
  object space 175104K, 9% used [0x00000006c0e00000,0x00000006c1e7a010,0x00000006cb900000)
 Metaspace       used 16404K, capacity 16634K, committed 16768K, reserved 1064960K
  class space    used 2025K, capacity 2106K, committed 2176K, reserved 1048576K
}
Event: 2.383 GC heap before
{Heap before GC invocations=4 (full 0):
 PSYoungGen      total 141824K, used 116569K [0x000000076af80000, 0x000000077c480000, 0x00000007c0000000)
  eden space 131072K, 80% used [0x000000076af80000,0x00000007716d7d30,0x0000000772f80000)
  from space 10752K, 99% used [0x0000000772f80000,0x00000007739fe770,0x0000000773a00000)
  to   space 10752K, 0% used [0x000000077ba00000,0x000000077ba00000,0x000000077c480000)
 ParOldGen       total 175104K, used 16872K [0x00000006c0e00000, 0x00000006cb900000, 0x000000076af80000)
  object space 175104K, 9% used [0x00000006c0e00000,0x00000006c1e7a010,0x00000006cb900000)
 Metaspace       used 20884K, capacity 21076K, committed 21248K, reserved 1067008K
  class space    used 2673K, capacity 2749K, committed 2816K, reserved 1048576K
Event: 2.397 GC heap after
Heap after GC invocations=4 (full 0):
 PSYoungGen      total 272896K, used 10736K [0x000000076af80000, 0x000000077c480000, 0x00000007c0000000)
  eden space 262144K, 0% used [0x000000076af80000,0x000000076af80000,0x000000077af80000)
  from space 10752K, 99% used [0x000000077ba00000,0x000000077c47c040,0x000000077c480000)
  to   space 10752K, 0% used [0x000000077af80000,0x000000077af80000,0x000000077ba00000)
 ParOldGen       total 175104K, used 29765K [0x00000006c0e00000, 0x00000006cb900000, 0x000000076af80000)
  object space 175104K, 16% used [0x00000006c0e00000,0x00000006c2b116a0,0x00000006cb900000)
 Metaspace       used 20884K, capacity 21076K, committed 21248K, reserved 1067008K
  class space    used 2673K, capacity 2749K, committed 2816K, reserved 1048576K
}
Event: 2.397 GC heap before
{Heap before GC invocations=5 (full 1):
 PSYoungGen      total 272896K, used 10736K [0x000000076af80000, 0x000000077c480000, 0x00000007c0000000)
  eden space 262144K, 0% used [0x000000076af80000,0x000000076af80000,0x000000077af80000)
  from space 10752K, 99% used [0x000000077ba00000,0x000000077c47c040,0x000000077c480000)
  to   space 10752K, 0% used [0x000000077af80000,0x000000077af80000,0x000000077ba00000)
 ParOldGen       total 175104K, used 29765K [0x00000006c0e00000, 0x00000006cb900000, 0x000000076af80000)
  object space 175104K, 16% used [0x00000006c0e00000,0x00000006c2b116a0,0x00000006cb900000)
 Metaspace       used 20884K, capacity 21076K, committed 21248K, reserved 1067008K
  class space    used 2673K, capacity 2749K, committed 2816K, reserved 1048576K
Event: 2.558 GC heap after
Heap after GC invocations=5 (full 1):
 PSYoungGen      total 272896K, used 0K [0x000000076af80000, 0x000000077c480000, 0x00000007c0000000)
  eden space 262144K, 0% used [0x000000076af80000,0x000000076af80000,0x000000077af80000)
  from space 10752K, 0% used [0x000000077ba00000,0x000000077ba00000,0x000000077c480000)
  to   space 10752K, 0% used [0x000000077af80000,0x000000077af80000,0x000000077ba00000)
 ParOldGen       total 167424K, used 40308K [0x00000006c0e00000, 0x00000006cb180000, 0x000000076af80000)
  object space 167424K, 24% used [0x00000006c0e00000,0x00000006c355d2c8,0x00000006cb180000)
 Metaspace       used 20884K, capacity 21076K, committed 21248K, reserved 1067008K
  class space    used 2673K, capacity 2749K, committed 2816K, reserved 1048576K
}
Event: 3.468 GC heap before
{Heap before GC invocations=6 (full 1):
 PSYoungGen      total 272896K, used 237888K [0x000000076af80000, 0x000000077c480000, 0x00000007c0000000)
  eden space 262144K, 90% used [0x000000076af80000,0x00000007797d0338,0x000000077af80000)
  from space 10752K, 0% used [0x000000077ba00000,0x000000077ba00000,0x000000077c480000)
  to   space 10752K, 0% used [0x000000077af80000,0x000000077af80000,0x000000077ba00000)
 ParOldGen       total 167424K, used 40308K [0x00000006c0e00000, 0x00000006cb180000, 0x000000076af80000)
  object space 167424K, 24% used [0x00000006c0e00000,0x00000006c355d2c8,0x00000006cb180000)
 Metaspace       used 34337K, capacity 35304K, committed 35416K, reserved 1079296K
  class space    used 4536K, capacity 4768K, committed 4864K, reserved 1048576K
Event: 3.501 GC heap after
Heap after GC invocations=6 (full 1):
 PSYoungGen      total 272896K, used 10732K [0x000000076af80000, 0x0000000786880000, 0x00000007c0000000)
  eden space 262144K, 0% used [0x000000076af80000,0x000000076af80000,0x000000077af80000)
  from space 10752K, 99% used [0x000000077af80000,0x000000077b9fb358,0x000000077ba00000)
  to   space 53248K, 0% used [0x0000000783480000,0x0000000783480000,0x0000000786880000)
 ParOldGen       total 167424K, used 85146K [0x00000006c0e00000, 0x00000006cb180000, 0x000000076af80000)
  object space 167424K, 50% used [0x00000006c0e00000,0x00000006c6126b88,0x00000006cb180000)
 Metaspace       used 34337K, capacity 35304K, committed 35416K, reserved 1079296K
  class space    used 4536K, capacity 4768K, committed 4864K, reserved 1048576K
}
Event: 3.501 GC heap before
{Heap before GC invocations=7 (full 2):
 PSYoungGen      total 272896K, used 10732K [0x000000076af80000, 0x0000000786880000, 0x00000007c0000000)
  eden space 262144K, 0% used [0x000000076af80000,0x000000076af80000,0x000000077af80000)
  from space 10752K, 99% used [0x000000077af80000,0x000000077b9fb358,0x000000077ba00000)
  to   space 53248K, 0% used [0x0000000783480000,0x0000000783480000,0x0000000786880000)
 ParOldGen       total 167424K, used 85146K [0x00000006c0e00000, 0x00000006cb180000, 0x000000076af80000)
  object space 167424K, 50% used [0x00000006c0e00000,0x00000006c6126b88,0x00000006cb180000)
 Metaspace       used 34337K, capacity 35304K, committed 35416K, reserved 1079296K
  class space    used 4536K, capacity 4768K, committed 4864K, reserved 1048576K
Event: 3.707 GC heap after
Heap after GC invocations=7 (full 2):
 PSYoungGen      total 272896K, used 0K [0x000000076af80000, 0x0000000786880000, 0x00000007c0000000)
  eden space 262144K, 0% used [0x000000076af80000,0x000000076af80000,0x000000077af80000)
  from space 10752K, 0% used [0x000000077af80000,0x000000077af80000,0x000000077ba00000)
  to   space 53248K, 0% used [0x0000000783480000,0x0000000783480000,0x0000000786880000)
 ParOldGen       total 334848K, used 94463K [0x00000006c0e00000, 0x00000006d5500000, 0x000000076af80000)
  object space 334848K, 28% used [0x00000006c0e00000,0x00000006c6a3ff08,0x00000006d5500000)
 Metaspace       used 34337K, capacity 35304K, committed 35416K, reserved 1079296K
  class space    used 4536K, capacity 4768K, committed 4864K, reserved 1048576K
}

