# JRE version: OpenJDK Runtime Environment (8.0_332-b08) (build 1.8.0_332-b08)
# Java VM: OpenJDK 64-Bit Server VM (25.332-b08 mixed mode linux-amd64 compressed oops)
Heap:
 PSYoungGen      total 463872K, used 92058K [0x000000076cf80000, 0x000000078cb80000, 0x00000007c0000000)
  eden space 409600K, 22% used [0x000000076cf80000,0x00000007729669a8,0x0000000785f80000)
  from space 54272K, 0% used [0x0000000789680000,0x0000000789680000,0x000000078cb80000)
  to   space 55296K, 0% used [0x0000000785f80000,0x0000000785f80000,0x0000000789580000)
 ParOldGen       total 284160K, used 78194K [0x00000006c6e00000, 0x00000006d8380000, 0x000000076cf80000)
  object space 284160K, 27% used [0x00000006c6e00000,0x00000006cba5c968,0x00000006d8380000)
 Metaspace       used 50206K, capacity 52115K, committed 52392K, reserved 1095680K
  class space    used 6528K, capacity 6996K, committed 7088K, reserved 1048576K
GC Heap History (10 events):
Event: 85.592 GC heap before
{Heap before GC invocations=18 (full 6):
 PSYoungGen      total 466432K, used 256K [0x000000076cf80000, 0x000000078ce80000, 0x00000007c0000000)
  eden space 409600K, 0% used [0x000000076cf80000,0x000000076cf80000,0x0000000785f80000)
  from space 56832K, 0% used [0x0000000789700000,0x0000000789740000,0x000000078ce80000)
  to   space 56832K, 0% used [0x0000000785f80000,0x0000000785f80000,0x0000000789700000)
 ParOldGen       total 284160K, used 78173K [0x00000006c6e00000, 0x00000006d8380000, 0x000000076cf80000)
  object space 284160K, 27% used [0x00000006c6e00000,0x00000006cba574b0,0x00000006d8380000)
 Metaspace       used 50091K, capacity 51987K, committed 52392K, reserved 1095680K
  class space    used 6519K, capacity 6996K, committed 7088K, reserved 1048576K
Event: 85.630 GC heap after
Heap after GC invocations=18 (full 6):
 PSYoungGen      total 466432K, used 0K [0x000000076cf80000, 0x000000078ce80000, 0x00000007c0000000)
  eden space 409600K, 0% used [0x000000076cf80000,0x000000076cf80000,0x0000000785f80000)
  from space 56832K, 0% used [0x0000000789700000,0x0000000789700000,0x000000078ce80000)
  to   space 56832K, 0% used [0x0000000785f80000,0x0000000785f80000,0x0000000789700000)
 ParOldGen       total 284160K, used 78185K [0x00000006c6e00000, 0x00000006d8380000, 0x000000076cf80000)
  object space 284160K, 27% used [0x00000006c6e00000,0x00000006cba5a6a8,0x00000006d8380000)
 Metaspace       used 50091K, capacity 51987K, committed 52392K, reserved 1095680K
  class space    used 6519K, capacity 6996K, committed 7088K, reserved 1048576K
}
Event: 88.590 GC heap before
{Heap before GC invocations=19 (full 6):
 PSYoungGen      total 466432K, used 19000K [0x000000076cf80000, 0x000000078ce80000, 0x00000007c0000000)
  eden space 409600K, 4% used [0x000000076cf80000,0x000000076e20e3e0,0x0000000785f80000)
  from space 56832K, 0% used [0x0000000789700000,0x0000000789700000,0x000000078ce80000)
  to   space 56832K, 0% used [0x0000000785f80000,0x0000000785f80000,0x0000000789700000)
 ParOldGen       total 284160K, used 78185K [0x00000006c6e00000, 0x00000006d8380000, 0x000000076cf80000)
  object space 284160K, 27% used [0x00000006c6e00000,0x00000006cba5a6a8,0x00000006d8380000)
 Metaspace       used 50093K, capacity 51987K, committed 52392K, reserved 1095680K
  class space    used 6519K, capacity 6996K, committed 7088K, reserved 1048576K
Event: 88.592 GC heap after
Heap after GC invocations=19 (full 6):
 PSYoungGen      total 410112K, used 192K [0x000000076cf80000, 0x000000078cd80000, 0x00000007c0000000)
  eden space 409600K, 0% used [0x000000076cf80000,0x000000076cf80000,0x0000000785f80000)
  from space 512K, 37% used [0x0000000785f80000,0x0000000785fb0000,0x0000000786000000)
  to   space 56320K, 0% used [0x0000000789680000,0x0000000789680000,0x000000078cd80000)
 ParOldGen       total 284160K, used 78185K [0x00000006c6e00000, 0x00000006d8380000, 0x000000076cf80000)
  object space 284160K, 27% used [0x00000006c6e00000,0x00000006cba5a6a8,0x00000006d8380000)
 Metaspace       used 50093K, capacity 51987K, committed 52392K, reserved 1095680K
  class space    used 6519K, capacity 6996K, committed 7088K, reserved 1048576K
}
Event: 88.592 GC heap before
{Heap before GC invocations=20 (full 7):
 PSYoungGen      total 410112K, used 192K [0x000000076cf80000, 0x000000078cd80000, 0x00000007c0000000)
  eden space 409600K, 0% used [0x000000076cf80000,0x000000076cf80000,0x0000000785f80000)
  from space 512K, 37% used [0x0000000785f80000,0x0000000785fb0000,0x0000000786000000)
  to   space 56320K, 0% used [0x0000000789680000,0x0000000789680000,0x000000078cd80000)
 ParOldGen       total 284160K, used 78185K [0x00000006c6e00000, 0x00000006d8380000, 0x000000076cf80000)
  object space 284160K, 27% used [0x00000006c6e00000,0x00000006cba5a6a8,0x00000006d8380000)
 Metaspace       used 50093K, capacity 51987K, committed 52392K, reserved 1095680K
  class space    used 6519K, capacity 6996K, committed 7088K, reserved 1048576K
Event: 88.629 GC heap after
Heap after GC invocations=20 (full 7):
 PSYoungGen      total 410112K, used 0K [0x000000076cf80000, 0x000000078cd80000, 0x00000007c0000000)
  eden space 409600K, 0% used [0x000000076cf80000,0x000000076cf80000,0x0000000785f80000)
  from space 512K, 0% used [0x0000000785f80000,0x0000000785f80000,0x0000000786000000)
  to   space 56320K, 0% used [0x0000000789680000,0x0000000789680000,0x000000078cd80000)
 ParOldGen       total 284160K, used 78151K [0x00000006c6e00000, 0x00000006d8380000, 0x000000076cf80000)
  object space 284160K, 27% used [0x00000006c6e00000,0x00000006cba51ed0,0x00000006d8380000)
 Metaspace       used 50093K, capacity 51987K, committed 52392K, reserved 1095680K
  class space    used 6519K, capacity 6996K, committed 7088K, reserved 1048576K
}
Event: 90.690 GC heap before
{Heap before GC invocations=21 (full 7):
 PSYoungGen      total 410112K, used 19429K [0x000000076cf80000, 0x000000078cd80000, 0x00000007c0000000)
  eden space 409600K, 4% used [0x000000076cf80000,0x000000076e2794f8,0x0000000785f80000)
  from space 512K, 0% used [0x0000000785f80000,0x0000000785f80000,0x0000000786000000)
  to   space 56320K, 0% used [0x0000000789680000,0x0000000789680000,0x000000078cd80000)
 ParOldGen       total 284160K, used 78151K [0x00000006c6e00000, 0x00000006d8380000, 0x000000076cf80000)
  object space 284160K, 27% used [0x00000006c6e00000,0x00000006cba51ed0,0x00000006d8380000)
 Metaspace       used 50170K, capacity 52115K, committed 52392K, reserved 1095680K
  class space    used 6527K, capacity 6996K, committed 7088K, reserved 1048576K
Event: 90.692 GC heap after
Heap after GC invocations=21 (full 7):
 PSYoungGen      total 463872K, used 256K [0x000000076cf80000, 0x000000078cb80000, 0x00000007c0000000)
  eden space 409600K, 0% used [0x000000076cf80000,0x000000076cf80000,0x0000000785f80000)
  from space 54272K, 0% used [0x0000000789680000,0x00000007896c0000,0x000000078cb80000)
  to   space 55296K, 0% used [0x0000000785f80000,0x0000000785f80000,0x0000000789580000)
 ParOldGen       total 284160K, used 78151K [0x00000006c6e00000, 0x00000006d8380000, 0x000000076cf80000)
  object space 284160K, 27% used [0x00000006c6e00000,0x00000006cba51ed0,0x00000006d8380000)
 Metaspace       used 50170K, capacity 52115K, committed 52392K, reserved 1095680K
  class space    used 6527K, capacity 6996K, committed 7088K, reserved 1048576K
}
Event: 90.692 GC heap before
{Heap before GC invocations=22 (full 8):
 PSYoungGen      total 463872K, used 256K [0x000000076cf80000, 0x000000078cb80000, 0x00000007c0000000)
  eden space 409600K, 0% used [0x000000076cf80000,0x000000076cf80000,0x0000000785f80000)
  from space 54272K, 0% used [0x0000000789680000,0x00000007896c0000,0x000000078cb80000)
  to   space 55296K, 0% used [0x0000000785f80000,0x0000000785f80000,0x0000000789580000)
 ParOldGen       total 284160K, used 78151K [0x00000006c6e00000, 0x00000006d8380000, 0x000000076cf80000)
  object space 284160K, 27% used [0x00000006c6e00000,0x00000006cba51ed0,0x00000006d8380000)
 Metaspace       used 50170K, capacity 52115K, committed 52392K, reserved 1095680K
  class space    used 6527K, capacity 6996K, committed 7088K, reserved 1048576K
Event: 90.727 GC heap after
Heap after GC invocations=22 (full 8):
 PSYoungGen      total 463872K, used 0K [0x000000076cf80000, 0x000000078cb80000, 0x00000007c0000000)
  eden space 409600K, 0% used [0x000000076cf80000,0x000000076cf80000,0x0000000785f80000)
  from space 54272K, 0% used [0x0000000789680000,0x0000000789680000,0x000000078cb80000)
  to   space 55296K, 0% used [0x0000000785f80000,0x0000000785f80000,0x0000000789580000)
 ParOldGen       total 284160K, used 78194K [0x00000006c6e00000, 0x00000006d8380000, 0x000000076cf80000)
  object space 284160K, 27% used [0x00000006c6e00000,0x00000006cba5c968,0x00000006d8380000)
 Metaspace       used 50170K, capacity 52115K, committed 52392K, reserved 1095680K
  class space    used 6527K, capacity 6996K, committed 7088K, reserved 1048576K
}

