# JRE version: OpenJDK Runtime Environment (8.0_332-b08) (build 1.8.0_332-b08)
# Java VM: OpenJDK 64-Bit Server VM (25.332-b08 mixed mode linux-amd64 compressed oops)
Heap:
 PSYoungGen      total 443392K, used 359863K [0x000000076cf80000, 0x0000000789f00000, 0x00000007c0000000)
  eden space 416256K, 86% used [0x000000076cf80000,0x0000000782eede98,0x0000000786600000)
  from space 27136K, 0% used [0x0000000788480000,0x0000000788480000,0x0000000789f00000)
  to   space 29184K, 0% used [0x0000000786600000,0x0000000786600000,0x0000000788280000)
 ParOldGen       total 254464K, used 78433K [0x00000006c6e00000, 0x00000006d6680000, 0x000000076cf80000)
  object space 254464K, 30% used [0x00000006c6e00000,0x00000006cba98400,0x00000006d6680000)
 Metaspace       used 50477K, capacity 52367K, committed 52648K, reserved 1095680K
  class space    used 6538K, capacity 6998K, committed 7088K, reserved 1048576K
GC Heap History (10 events):
Event: 123.548 GC heap before
{Heap before GC invocations=43 (full 17):
 PSYoungGen      total 446976K, used 512K [0x000000076cf80000, 0x000000078a600000, 0x00000007c0000000)
  eden space 416256K, 0% used [0x000000076cf80000,0x000000076cf80000,0x0000000786600000)
  from space 30720K, 1% used [0x0000000788800000,0x0000000788880000,0x000000078a600000)
  to   space 32768K, 0% used [0x0000000786600000,0x0000000786600000,0x0000000788600000)
 ParOldGen       total 254464K, used 78492K [0x00000006c6e00000, 0x00000006d6680000, 0x000000076cf80000)
  object space 254464K, 30% used [0x00000006c6e00000,0x00000006cbaa7130,0x00000006d6680000)
 Metaspace       used 50429K, capacity 52361K, committed 52648K, reserved 1095680K
  class space    used 6538K, capacity 6997K, committed 7088K, reserved 1048576K
Event: 123.605 GC heap after
Heap after GC invocations=43 (full 17):
 PSYoungGen      total 446976K, used 0K [0x000000076cf80000, 0x000000078a600000, 0x00000007c0000000)
  eden space 416256K, 0% used [0x000000076cf80000,0x000000076cf80000,0x0000000786600000)
  from space 30720K, 0% used [0x0000000788800000,0x0000000788800000,0x000000078a600000)
  to   space 32768K, 0% used [0x0000000786600000,0x0000000786600000,0x0000000788600000)
 ParOldGen       total 254464K, used 78710K [0x00000006c6e00000, 0x00000006d6680000, 0x000000076cf80000)
  object space 254464K, 30% used [0x00000006c6e00000,0x00000006cbadda20,0x00000006d6680000)
 Metaspace       used 50429K, capacity 52361K, committed 52648K, reserved 1095680K
  class space    used 6538K, capacity 6997K, committed 7088K, reserved 1048576K
}
Event: 131.174 GC heap before
{Heap before GC invocations=44 (full 17):
 PSYoungGen      total 446976K, used 70878K [0x000000076cf80000, 0x000000078a600000, 0x00000007c0000000)
  eden space 416256K, 17% used [0x000000076cf80000,0x00000007714b79b0,0x0000000786600000)
  from space 30720K, 0% used [0x0000000788800000,0x0000000788800000,0x000000078a600000)
  to   space 32768K, 0% used [0x0000000786600000,0x0000000786600000,0x0000000788600000)
 ParOldGen       total 254464K, used 78710K [0x00000006c6e00000, 0x00000006d6680000, 0x000000076cf80000)
  object space 254464K, 30% used [0x00000006c6e00000,0x00000006cbadda20,0x00000006d6680000)
 Metaspace       used 50433K, capacity 52361K, committed 52648K, reserved 1095680K
  class space    used 6538K, capacity 6997K, committed 7088K, reserved 1048576K
Event: 131.177 GC heap after
Heap after GC invocations=44 (full 17):
 PSYoungGen      total 416768K, used 352K [0x000000076cf80000, 0x000000078a300000, 0x00000007c0000000)
  eden space 416256K, 0% used [0x000000076cf80000,0x000000076cf80000,0x0000000786600000)
  from space 512K, 68% used [0x0000000786600000,0x0000000786658000,0x0000000786680000)
  to   space 31232K, 0% used [0x0000000788480000,0x0000000788480000,0x000000078a300000)
 ParOldGen       total 254464K, used 78710K [0x00000006c6e00000, 0x00000006d6680000, 0x000000076cf80000)
  object space 254464K, 30% used [0x00000006c6e00000,0x00000006cbadda20,0x00000006d6680000)
 Metaspace       used 50433K, capacity 52361K, committed 52648K, reserved 1095680K
  class space    used 6538K, capacity 6997K, committed 7088K, reserved 1048576K
}
Event: 131.177 GC heap before
{Heap before GC invocations=45 (full 18):
 PSYoungGen      total 416768K, used 352K [0x000000076cf80000, 0x000000078a300000, 0x00000007c0000000)
  eden space 416256K, 0% used [0x000000076cf80000,0x000000076cf80000,0x0000000786600000)
  from space 512K, 68% used [0x0000000786600000,0x0000000786658000,0x0000000786680000)
  to   space 31232K, 0% used [0x0000000788480000,0x0000000788480000,0x000000078a300000)
 ParOldGen       total 254464K, used 78710K [0x00000006c6e00000, 0x00000006d6680000, 0x000000076cf80000)
  object space 254464K, 30% used [0x00000006c6e00000,0x00000006cbadda20,0x00000006d6680000)
 Metaspace       used 50433K, capacity 52361K, committed 52648K, reserved 1095680K
  class space    used 6538K, capacity 6997K, committed 7088K, reserved 1048576K
Event: 131.231 GC heap after
Heap after GC invocations=45 (full 18):
 PSYoungGen      total 416768K, used 0K [0x000000076cf80000, 0x000000078a300000, 0x00000007c0000000)
  eden space 416256K, 0% used [0x000000076cf80000,0x000000076cf80000,0x0000000786600000)
  from space 512K, 0% used [0x0000000786600000,0x0000000786600000,0x0000000786680000)
  to   space 31232K, 0% used [0x0000000788480000,0x0000000788480000,0x000000078a300000)
 ParOldGen       total 254464K, used 78505K [0x00000006c6e00000, 0x00000006d6680000, 0x000000076cf80000)
  object space 254464K, 30% used [0x00000006c6e00000,0x00000006cbaaa718,0x00000006d6680000)
 Metaspace       used 50433K, capacity 52361K, committed 52648K, reserved 1095680K
  class space    used 6538K, capacity 6997K, committed 7088K, reserved 1048576K
}
Event: 135.651 GC heap before
{Heap before GC invocations=46 (full 18):
 PSYoungGen      total 416768K, used 40860K [0x000000076cf80000, 0x000000078a300000, 0x00000007c0000000)
  eden space 416256K, 9% used [0x000000076cf80000,0x000000076f767160,0x0000000786600000)
  from space 512K, 0% used [0x0000000786600000,0x0000000786600000,0x0000000786680000)
  to   space 31232K, 0% used [0x0000000788480000,0x0000000788480000,0x000000078a300000)
 ParOldGen       total 254464K, used 78505K [0x00000006c6e00000, 0x00000006d6680000, 0x000000076cf80000)
  object space 254464K, 30% used [0x00000006c6e00000,0x00000006cbaaa718,0x00000006d6680000)
 Metaspace       used 50441K, capacity 52367K, committed 52648K, reserved 1095680K
  class space    used 6538K, capacity 6998K, committed 7088K, reserved 1048576K
Event: 135.654 GC heap after
Heap after GC invocations=46 (full 18):
 PSYoungGen      total 443392K, used 288K [0x000000076cf80000, 0x0000000789f00000, 0x00000007c0000000)
  eden space 416256K, 0% used [0x000000076cf80000,0x000000076cf80000,0x0000000786600000)
  from space 27136K, 1% used [0x0000000788480000,0x00000007884c8000,0x0000000789f00000)
  to   space 29184K, 0% used [0x0000000786600000,0x0000000786600000,0x0000000788280000)
 ParOldGen       total 254464K, used 78505K [0x00000006c6e00000, 0x00000006d6680000, 0x000000076cf80000)
  object space 254464K, 30% used [0x00000006c6e00000,0x00000006cbaaa718,0x00000006d6680000)
 Metaspace       used 50441K, capacity 52367K, committed 52648K, reserved 1095680K
  class space    used 6538K, capacity 6998K, committed 7088K, reserved 1048576K
}
Event: 135.654 GC heap before
{Heap before GC invocations=47 (full 19):
 PSYoungGen      total 443392K, used 288K [0x000000076cf80000, 0x0000000789f00000, 0x00000007c0000000)
  eden space 416256K, 0% used [0x000000076cf80000,0x000000076cf80000,0x0000000786600000)
  from space 27136K, 1% used [0x0000000788480000,0x00000007884c8000,0x0000000789f00000)
  to   space 29184K, 0% used [0x0000000786600000,0x0000000786600000,0x0000000788280000)
 ParOldGen       total 254464K, used 78505K [0x00000006c6e00000, 0x00000006d6680000, 0x000000076cf80000)
  object space 254464K, 30% used [0x00000006c6e00000,0x00000006cbaaa718,0x00000006d6680000)
 Metaspace       used 50441K, capacity 52367K, committed 52648K, reserved 1095680K
  class space    used 6538K, capacity 6998K, committed 7088K, reserved 1048576K
Event: 135.693 GC heap after
Heap after GC invocations=47 (full 19):
 PSYoungGen      total 443392K, used 0K [0x000000076cf80000, 0x0000000789f00000, 0x00000007c0000000)
  eden space 416256K, 0% used [0x000000076cf80000,0x000000076cf80000,0x0000000786600000)
  from space 27136K, 0% used [0x0000000788480000,0x0000000788480000,0x0000000789f00000)
  to   space 29184K, 0% used [0x0000000786600000,0x0000000786600000,0x0000000788280000)
 ParOldGen       total 254464K, used 78433K [0x00000006c6e00000, 0x00000006d6680000, 0x000000076cf80000)
  object space 254464K, 30% used [0x00000006c6e00000,0x00000006cba98400,0x00000006d6680000)
 Metaspace       used 50441K, capacity 52367K, committed 52648K, reserved 1095680K
  class space    used 6538K, capacity 6998K, committed 7088K, reserved 1048576K
}

